The system is: Darwin - 12.3.0 - i386
Compiling the C compiler identification source file "CMakeCCompilerId.c" succeeded.
Compiler: /opt/local/bin/cc 
Build flags: 
Id flags: 

The output was:
0


Compilation of the C compiler identification source "CMakeCCompilerId.c" produced "a.out"

The C compiler identification is Clang, found in "/Users/jjong/code/class/cs225a/puppybot/simple_client_2013/Robot/CMakeFiles/2.8.10/CompilerIdC/a.out"

Compiling the CXX compiler identification source file "CMakeCXXCompilerId.cpp" succeeded.
Compiler: /opt/local/bin/c++ 
Build flags: 
Id flags: 

The output was:
0


Compilation of the CXX compiler identification source "CMakeCXXCompilerId.cpp" produced "a.out"

The CXX compiler identification is GNU, found in "/Users/jjong/code/class/cs225a/puppybot/simple_client_2013/Robot/CMakeFiles/2.8.10/CompilerIdCXX/a.out"

Determining if the C compiler works passed with the following output:
Change Dir: /Users/jjong/code/class/cs225a/puppybot/simple_client_2013/Robot/CMakeFiles/CMakeTmp

Run Build Command:/opt/local/bin/gmake "cmTryCompileExec4158427338/fast"
/opt/local/bin/gmake -f CMakeFiles/cmTryCompileExec4158427338.dir/build.make CMakeFiles/cmTryCompileExec4158427338.dir/build
gmake[1]: Entering directory `/Users/jjong/code/class/cs225a/puppybot/simple_client_2013/Robot/CMakeFiles/CMakeTmp'
/opt/local/bin/cmake -E cmake_progress_report /Users/jjong/code/class/cs225a/puppybot/simple_client_2013/Robot/CMakeFiles/CMakeTmp/CMakeFiles 1
Building C object CMakeFiles/cmTryCompileExec4158427338.dir/testCCompiler.c.o
/opt/local/bin/cc    -o CMakeFiles/cmTryCompileExec4158427338.dir/testCCompiler.c.o   -c /Users/jjong/code/class/cs225a/puppybot/simple_client_2013/Robot/CMakeFiles/CMakeTmp/testCCompiler.c
Linking C executable cmTryCompileExec4158427338
/opt/local/bin/cmake -E cmake_link_script CMakeFiles/cmTryCompileExec4158427338.dir/link.txt --verbose=1
/opt/local/bin/cc      -Wl,-search_paths_first -Wl,-headerpad_max_install_names   CMakeFiles/cmTryCompileExec4158427338.dir/testCCompiler.c.o  -o cmTryCompileExec4158427338  
gmake[1]: Leaving directory `/Users/jjong/code/class/cs225a/puppybot/simple_client_2013/Robot/CMakeFiles/CMakeTmp'


Detecting C compiler ABI info compiled with the following output:
Change Dir: /Users/jjong/code/class/cs225a/puppybot/simple_client_2013/Robot/CMakeFiles/CMakeTmp

Run Build Command:/opt/local/bin/gmake "cmTryCompileExec1237165218/fast"
/opt/local/bin/gmake -f CMakeFiles/cmTryCompileExec1237165218.dir/build.make CMakeFiles/cmTryCompileExec1237165218.dir/build
gmake[1]: Entering directory `/Users/jjong/code/class/cs225a/puppybot/simple_client_2013/Robot/CMakeFiles/CMakeTmp'
/opt/local/bin/cmake -E cmake_progress_report /Users/jjong/code/class/cs225a/puppybot/simple_client_2013/Robot/CMakeFiles/CMakeTmp/CMakeFiles 1
Building C object CMakeFiles/cmTryCompileExec1237165218.dir/CMakeCCompilerABI.c.o
/opt/local/bin/cc    -o CMakeFiles/cmTryCompileExec1237165218.dir/CMakeCCompilerABI.c.o   -c /opt/local/share/cmake-2.8/Modules/CMakeCCompilerABI.c
Linking C executable cmTryCompileExec1237165218
/opt/local/bin/cmake -E cmake_link_script CMakeFiles/cmTryCompileExec1237165218.dir/link.txt --verbose=1
/opt/local/bin/cc      -Wl,-search_paths_first -Wl,-headerpad_max_install_names -v CMakeFiles/cmTryCompileExec1237165218.dir/CMakeCCompilerABI.c.o  -o cmTryCompileExec1237165218   
Apple LLVM version 4.2 (clang-425.0.28) (based on LLVM 3.2svn)
Target: x86_64-apple-darwin12.3.0
Thread model: posix
 "/usr/bin/ld" -demangle -dynamic -arch x86_64 -macosx_version_min 10.8.0 -o cmTryCompileExec1237165218 -search_paths_first -headerpad_max_install_names CMakeFiles/cmTryCompileExec1237165218.dir/CMakeCCompilerABI.c.o -lSystem /usr/bin/../lib/clang/4.2/lib/darwin/libclang_rt.osx.a
gmake[1]: Leaving directory `/Users/jjong/code/class/cs225a/puppybot/simple_client_2013/Robot/CMakeFiles/CMakeTmp'


Parsed C implicit link information from above output:
  link line regex: [^( *|.*[/\])(ld|ld|collect2)[^/\]*( |$)]
  ignore line: [Change Dir: /Users/jjong/code/class/cs225a/puppybot/simple_client_2013/Robot/CMakeFiles/CMakeTmp]
  ignore line: []
  ignore line: [Run Build Command:/opt/local/bin/gmake "cmTryCompileExec1237165218/fast"]
  ignore line: [/opt/local/bin/gmake -f CMakeFiles/cmTryCompileExec1237165218.dir/build.make CMakeFiles/cmTryCompileExec1237165218.dir/build]
  ignore line: [gmake[1]: Entering directory `/Users/jjong/code/class/cs225a/puppybot/simple_client_2013/Robot/CMakeFiles/CMakeTmp']
  ignore line: [/opt/local/bin/cmake -E cmake_progress_report /Users/jjong/code/class/cs225a/puppybot/simple_client_2013/Robot/CMakeFiles/CMakeTmp/CMakeFiles 1]
  ignore line: [Building C object CMakeFiles/cmTryCompileExec1237165218.dir/CMakeCCompilerABI.c.o]
  ignore line: [/opt/local/bin/cc    -o CMakeFiles/cmTryCompileExec1237165218.dir/CMakeCCompilerABI.c.o   -c /opt/local/share/cmake-2.8/Modules/CMakeCCompilerABI.c]
  ignore line: [Linking C executable cmTryCompileExec1237165218]
  ignore line: [/opt/local/bin/cmake -E cmake_link_script CMakeFiles/cmTryCompileExec1237165218.dir/link.txt --verbose=1]
  ignore line: [/opt/local/bin/cc      -Wl,-search_paths_first -Wl,-headerpad_max_install_names -v CMakeFiles/cmTryCompileExec1237165218.dir/CMakeCCompilerABI.c.o  -o cmTryCompileExec1237165218   ]
  ignore line: [Apple LLVM version 4.2 (clang-425.0.28) (based on LLVM 3.2svn)]
  ignore line: [Target: x86_64-apple-darwin12.3.0]
  ignore line: [Thread model: posix]
  link line: [ "/usr/bin/ld" -demangle -dynamic -arch x86_64 -macosx_version_min 10.8.0 -o cmTryCompileExec1237165218 -search_paths_first -headerpad_max_install_names CMakeFiles/cmTryCompileExec1237165218.dir/CMakeCCompilerABI.c.o -lSystem /usr/bin/../lib/clang/4.2/lib/darwin/libclang_rt.osx.a]
    arg [/usr/bin/ld] ==> ignore
    arg [-demangle] ==> ignore
    arg [-dynamic] ==> ignore
    arg [-arch] ==> ignore
    arg [x86_64] ==> ignore
    arg [-macosx_version_min] ==> ignore
    arg [10.8.0] ==> ignore
    arg [-o] ==> ignore
    arg [cmTryCompileExec1237165218] ==> ignore
    arg [-search_paths_first] ==> ignore
    arg [-headerpad_max_install_names] ==> ignore
    arg [CMakeFiles/cmTryCompileExec1237165218.dir/CMakeCCompilerABI.c.o] ==> ignore
    arg [-lSystem] ==> lib [System]
    arg [/usr/bin/../lib/clang/4.2/lib/darwin/libclang_rt.osx.a] ==> lib [/usr/bin/../lib/clang/4.2/lib/darwin/libclang_rt.osx.a]
  remove lib [System]
  implicit libs: [/usr/bin/../lib/clang/4.2/lib/darwin/libclang_rt.osx.a]
  implicit dirs: []


Determining if the CXX compiler works passed with the following output:
Change Dir: /Users/jjong/code/class/cs225a/puppybot/simple_client_2013/Robot/CMakeFiles/CMakeTmp

Run Build Command:/opt/local/bin/gmake "cmTryCompileExec2578287198/fast"
/opt/local/bin/gmake -f CMakeFiles/cmTryCompileExec2578287198.dir/build.make CMakeFiles/cmTryCompileExec2578287198.dir/build
gmake[1]: Entering directory `/Users/jjong/code/class/cs225a/puppybot/simple_client_2013/Robot/CMakeFiles/CMakeTmp'
/opt/local/bin/cmake -E cmake_progress_report /Users/jjong/code/class/cs225a/puppybot/simple_client_2013/Robot/CMakeFiles/CMakeTmp/CMakeFiles 1
Building CXX object CMakeFiles/cmTryCompileExec2578287198.dir/testCXXCompiler.cxx.o
/opt/local/bin/c++     -o CMakeFiles/cmTryCompileExec2578287198.dir/testCXXCompiler.cxx.o -c /Users/jjong/code/class/cs225a/puppybot/simple_client_2013/Robot/CMakeFiles/CMakeTmp/testCXXCompiler.cxx
Linking CXX executable cmTryCompileExec2578287198
/opt/local/bin/cmake -E cmake_link_script CMakeFiles/cmTryCompileExec2578287198.dir/link.txt --verbose=1
/opt/local/bin/c++       -Wl,-search_paths_first -Wl,-headerpad_max_install_names   CMakeFiles/cmTryCompileExec2578287198.dir/testCXXCompiler.cxx.o  -o cmTryCompileExec2578287198  
gmake[1]: Leaving directory `/Users/jjong/code/class/cs225a/puppybot/simple_client_2013/Robot/CMakeFiles/CMakeTmp'


Detecting CXX compiler ABI info compiled with the following output:
Change Dir: /Users/jjong/code/class/cs225a/puppybot/simple_client_2013/Robot/CMakeFiles/CMakeTmp

Run Build Command:/opt/local/bin/gmake "cmTryCompileExec4070575736/fast"
/opt/local/bin/gmake -f CMakeFiles/cmTryCompileExec4070575736.dir/build.make CMakeFiles/cmTryCompileExec4070575736.dir/build
gmake[1]: Entering directory `/Users/jjong/code/class/cs225a/puppybot/simple_client_2013/Robot/CMakeFiles/CMakeTmp'
/opt/local/bin/cmake -E cmake_progress_report /Users/jjong/code/class/cs225a/puppybot/simple_client_2013/Robot/CMakeFiles/CMakeTmp/CMakeFiles 1
Building CXX object CMakeFiles/cmTryCompileExec4070575736.dir/CMakeCXXCompilerABI.cpp.o
/opt/local/bin/c++     -o CMakeFiles/cmTryCompileExec4070575736.dir/CMakeCXXCompilerABI.cpp.o -c /opt/local/share/cmake-2.8/Modules/CMakeCXXCompilerABI.cpp
Linking CXX executable cmTryCompileExec4070575736
/opt/local/bin/cmake -E cmake_link_script CMakeFiles/cmTryCompileExec4070575736.dir/link.txt --verbose=1
/opt/local/bin/c++       -Wl,-search_paths_first -Wl,-headerpad_max_install_names -v CMakeFiles/cmTryCompileExec4070575736.dir/CMakeCXXCompilerABI.cpp.o  -o cmTryCompileExec4070575736   
Using built-in specs.
COLLECT_GCC=/opt/local/bin/c++
COLLECT_LTO_WRAPPER=/opt/local/libexec/gcc/x86_64-apple-darwin12/4.7.3/lto-wrapper
Target: x86_64-apple-darwin12
Configured with: ../gcc-4.7.3/configure --prefix=/opt/local --build=x86_64-apple-darwin12 --enable-languages=c,c++,objc,obj-c++,lto,fortran,java --libdir=/opt/local/lib/gcc47 --includedir=/opt/local/include/gcc47 --infodir=/opt/local/share/info --mandir=/opt/local/share/man --datarootdir=/opt/local/share/gcc-4.7 --with-libiconv-prefix=/opt/local --with-local-prefix=/opt/local --with-system-zlib --disable-nls --program-suffix=-mp-4.7 --with-gxx-include-dir=/opt/local/include/gcc47/c++/ --with-gmp=/opt/local --with-mpfr=/opt/local --with-mpc=/opt/local --with-ppl=/opt/local --with-cloog=/opt/local --enable-cloog-backend=isl --disable-cloog-version-check --enable-stage1-checking --enable-lto --enable-libstdcxx-time --with-as=/opt/local/bin/as --with-ld=/opt/local/bin/ld --with-ar=/opt/local/bin/ar --with-bugurl=https://trac.macports.org/newticket --disable-ppl-version-check --with-pkgversion='MacPorts gcc47 4.7.3_0+universal'
Thread model: posix
gcc version 4.7.3 (MacPorts gcc47 4.7.3_0+universal) 
COMPILER_PATH=/opt/local/libexec/gcc/x86_64-apple-darwin12/4.7.3/:/opt/local/libexec/gcc/x86_64-apple-darwin12/4.7.3/:/opt/local/libexec/gcc/x86_64-apple-darwin12/:/opt/local/lib/gcc47/gcc/x86_64-apple-darwin12/4.7.3/:/opt/local/lib/gcc47/gcc/x86_64-apple-darwin12/
LIBRARY_PATH=/opt/local/lib/gcc47/gcc/x86_64-apple-darwin12/4.7.3/:/opt/local/lib/gcc47/gcc/x86_64-apple-darwin12/4.7.3/../../../:/usr/lib/
COLLECT_GCC_OPTIONS='-mmacosx-version-min=10.8.3' '-v' '-o' 'cmTryCompileExec4070575736' '-shared-libgcc' '-mtune=core2'
 /opt/local/libexec/gcc/x86_64-apple-darwin12/4.7.3/collect2 -dynamic -arch x86_64 -macosx_version_min 10.8.3 -weak_reference_mismatches non-weak -o cmTryCompileExec4070575736 -L/opt/local/lib/gcc47/gcc/x86_64-apple-darwin12/4.7.3 -L/opt/local/lib/gcc47/gcc/x86_64-apple-darwin12/4.7.3/../../.. -search_paths_first -headerpad_max_install_names CMakeFiles/cmTryCompileExec4070575736.dir/CMakeCXXCompilerABI.cpp.o -lstdc++ -no_compact_unwind -lSystem -lgcc_ext.10.5 -lgcc -lSystem -v
collect2 version 4.7.3
/opt/local/bin/ld -dynamic -arch x86_64 -macosx_version_min 10.8.3 -weak_reference_mismatches non-weak -o cmTryCompileExec4070575736 -L/opt/local/lib/gcc47/gcc/x86_64-apple-darwin12/4.7.3 -L/opt/local/lib/gcc47/gcc/x86_64-apple-darwin12/4.7.3/../../.. -search_paths_first -headerpad_max_install_names CMakeFiles/cmTryCompileExec4070575736.dir/CMakeCXXCompilerABI.cpp.o -lstdc++ -no_compact_unwind -lSystem -lgcc_ext.10.5 -lgcc -lSystem -v
@(#)PROGRAM:ld  PROJECT:ld64-134.9
configured to support archs: i386 x86_64
Library search paths:
	/opt/local/lib/gcc47/gcc/x86_64-apple-darwin12/4.7.3
	/opt/local/lib/gcc47
	/usr/lib
	/usr/local/lib
Framework search paths:
	/Library/Frameworks/
	/System/Library/Frameworks/
gmake[1]: Leaving directory `/Users/jjong/code/class/cs225a/puppybot/simple_client_2013/Robot/CMakeFiles/CMakeTmp'


Parsed CXX implicit link information from above output:
  link line regex: [^( *|.*[/\])(ld|ld|collect2)[^/\]*( |$)]
  ignore line: [Change Dir: /Users/jjong/code/class/cs225a/puppybot/simple_client_2013/Robot/CMakeFiles/CMakeTmp]
  ignore line: []
  ignore line: [Run Build Command:/opt/local/bin/gmake "cmTryCompileExec4070575736/fast"]
  ignore line: [/opt/local/bin/gmake -f CMakeFiles/cmTryCompileExec4070575736.dir/build.make CMakeFiles/cmTryCompileExec4070575736.dir/build]
  ignore line: [gmake[1]: Entering directory `/Users/jjong/code/class/cs225a/puppybot/simple_client_2013/Robot/CMakeFiles/CMakeTmp']
  ignore line: [/opt/local/bin/cmake -E cmake_progress_report /Users/jjong/code/class/cs225a/puppybot/simple_client_2013/Robot/CMakeFiles/CMakeTmp/CMakeFiles 1]
  ignore line: [Building CXX object CMakeFiles/cmTryCompileExec4070575736.dir/CMakeCXXCompilerABI.cpp.o]
  ignore line: [/opt/local/bin/c++     -o CMakeFiles/cmTryCompileExec4070575736.dir/CMakeCXXCompilerABI.cpp.o -c /opt/local/share/cmake-2.8/Modules/CMakeCXXCompilerABI.cpp]
  ignore line: [Linking CXX executable cmTryCompileExec4070575736]
  ignore line: [/opt/local/bin/cmake -E cmake_link_script CMakeFiles/cmTryCompileExec4070575736.dir/link.txt --verbose=1]
  ignore line: [/opt/local/bin/c++       -Wl,-search_paths_first -Wl,-headerpad_max_install_names -v CMakeFiles/cmTryCompileExec4070575736.dir/CMakeCXXCompilerABI.cpp.o  -o cmTryCompileExec4070575736   ]
  ignore line: [Using built-in specs.]
  ignore line: [COLLECT_GCC=/opt/local/bin/c++]
  ignore line: [COLLECT_LTO_WRAPPER=/opt/local/libexec/gcc/x86_64-apple-darwin12/4.7.3/lto-wrapper]
  ignore line: [Target: x86_64-apple-darwin12]
  ignore line: [Configured with: ../gcc-4.7.3/configure --prefix=/opt/local --build=x86_64-apple-darwin12 --enable-languages=c,c++,objc,obj-c++,lto,fortran,java --libdir=/opt/local/lib/gcc47 --includedir=/opt/local/include/gcc47 --infodir=/opt/local/share/info --mandir=/opt/local/share/man --datarootdir=/opt/local/share/gcc-4.7 --with-libiconv-prefix=/opt/local --with-local-prefix=/opt/local --with-system-zlib --disable-nls --program-suffix=-mp-4.7 --with-gxx-include-dir=/opt/local/include/gcc47/c++/ --with-gmp=/opt/local --with-mpfr=/opt/local --with-mpc=/opt/local --with-ppl=/opt/local --with-cloog=/opt/local --enable-cloog-backend=isl --disable-cloog-version-check --enable-stage1-checking --enable-lto --enable-libstdcxx-time --with-as=/opt/local/bin/as --with-ld=/opt/local/bin/ld --with-ar=/opt/local/bin/ar --with-bugurl=https://trac.macports.org/newticket --disable-ppl-version-check --with-pkgversion='MacPorts gcc47 4.7.3_0+universal']
  ignore line: [Thread model: posix]
  ignore line: [gcc version 4.7.3 (MacPorts gcc47 4.7.3_0+universal) ]
  ignore line: [COMPILER_PATH=/opt/local/libexec/gcc/x86_64-apple-darwin12/4.7.3/:/opt/local/libexec/gcc/x86_64-apple-darwin12/4.7.3/:/opt/local/libexec/gcc/x86_64-apple-darwin12/:/opt/local/lib/gcc47/gcc/x86_64-apple-darwin12/4.7.3/:/opt/local/lib/gcc47/gcc/x86_64-apple-darwin12/]
  ignore line: [LIBRARY_PATH=/opt/local/lib/gcc47/gcc/x86_64-apple-darwin12/4.7.3/:/opt/local/lib/gcc47/gcc/x86_64-apple-darwin12/4.7.3/../../../:/usr/lib/]
  ignore line: [COLLECT_GCC_OPTIONS='-mmacosx-version-min=10.8.3' '-v' '-o' 'cmTryCompileExec4070575736' '-shared-libgcc' '-mtune=core2']
  link line: [ /opt/local/libexec/gcc/x86_64-apple-darwin12/4.7.3/collect2 -dynamic -arch x86_64 -macosx_version_min 10.8.3 -weak_reference_mismatches non-weak -o cmTryCompileExec4070575736 -L/opt/local/lib/gcc47/gcc/x86_64-apple-darwin12/4.7.3 -L/opt/local/lib/gcc47/gcc/x86_64-apple-darwin12/4.7.3/../../.. -search_paths_first -headerpad_max_install_names CMakeFiles/cmTryCompileExec4070575736.dir/CMakeCXXCompilerABI.cpp.o -lstdc++ -no_compact_unwind -lSystem -lgcc_ext.10.5 -lgcc -lSystem -v]
    arg [/opt/local/libexec/gcc/x86_64-apple-darwin12/4.7.3/collect2] ==> ignore
    arg [-dynamic] ==> ignore
    arg [-arch] ==> ignore
    arg [x86_64] ==> ignore
    arg [-macosx_version_min] ==> ignore
    arg [10.8.3] ==> ignore
    arg [-weak_reference_mismatches] ==> ignore
    arg [non-weak] ==> ignore
    arg [-o] ==> ignore
    arg [cmTryCompileExec4070575736] ==> ignore
    arg [-L/opt/local/lib/gcc47/gcc/x86_64-apple-darwin12/4.7.3] ==> dir [/opt/local/lib/gcc47/gcc/x86_64-apple-darwin12/4.7.3]
    arg [-L/opt/local/lib/gcc47/gcc/x86_64-apple-darwin12/4.7.3/../../..] ==> dir [/opt/local/lib/gcc47/gcc/x86_64-apple-darwin12/4.7.3/../../..]
    arg [-search_paths_first] ==> ignore
    arg [-headerpad_max_install_names] ==> ignore
    arg [CMakeFiles/cmTryCompileExec4070575736.dir/CMakeCXXCompilerABI.cpp.o] ==> ignore
    arg [-lstdc++] ==> lib [stdc++]
    arg [-no_compact_unwind] ==> ignore
    arg [-lSystem] ==> lib [System]
    arg [-lgcc_ext.10.5] ==> lib [gcc_ext.10.5]
    arg [-lgcc] ==> lib [gcc]
    arg [-lSystem] ==> lib [System]
    arg [-v] ==> ignore
  remove lib [System]
  remove lib [gcc_ext.10.5]
  remove lib [gcc]
  remove lib [System]
  collapse dir [/opt/local/lib/gcc47/gcc/x86_64-apple-darwin12/4.7.3] ==> [/opt/local/lib/gcc47/gcc/x86_64-apple-darwin12/4.7.3]
  collapse dir [/opt/local/lib/gcc47/gcc/x86_64-apple-darwin12/4.7.3/../../..] ==> [/opt/local/lib/gcc47]
  implicit libs: [stdc++]
  implicit dirs: [/opt/local/lib/gcc47/gcc/x86_64-apple-darwin12/4.7.3;/opt/local/lib/gcc47]


