ld: warning: ignoring file /Users/Vaibhav/Documents/Study/2013bSpring/CS225A/Project/simple_client_2013/lib/Release/libmatrix.a, file was built for archive which is not the architecture being linked (x86_64): /Users/Vaibhav/Documents/Study/2013bSpring/CS225A/Project/simple_client_2013/lib/Release/libmatrix.a
Undefined symbols for architecture x86_64:
  "PrMatrix::PrMatrix(int, int)", referenced from:
      __GLOBAL__I_a in ExampleUsage.cpp.o
  "PrMatrix::~PrMatrix()", referenced from:
      __GLOBAL__I_a in ExampleUsage.cpp.o
  "PrMatrix::~PrMatrix()", referenced from:
      calculateJPosForEachNoteImpact(float (*) [7], float (*) [6]) in ExampleUsage.cpp.o
  "PrVector::setSize(int, bool)", referenced from:
      calculateJPosForEachNoteImpact(float (*) [7], float (*) [6]) in ExampleUsage.cpp.o
  "PrVector::PrVector(int)", referenced from:
      __GLOBAL__I_a in ExampleUsage.cpp.o
  "PrVector::~PrVector()", referenced from:
      calculateJPosForEachNoteImpact(float (*) [7], float (*) [6]) in ExampleUsage.cpp.o
      __GLOBAL__I_a in ExampleUsage.cpp.o
  "PrVector::operator=(PrVector const&)", referenced from:
      inv_kin(PrVector3 const&, PrMatrix3 const&, int, PrVector&) in ExampleUsage.cpp.o
  "PrMatrix3::zero()", referenced from:
      calculateJPosForEachNoteImpact(float (*) [7], float (*) [6]) in ExampleUsage.cpp.o
  "PrMatrix3::~PrMatrix3()", referenced from:
      calculateJPosForEachNoteImpact(float (*) [7], float (*) [6]) in ExampleUsage.cpp.o
  "PrVector3::~PrVector3()", referenced from:
      inv_kin(PrVector3 const&, PrMatrix3 const&, int, PrVector&) in ExampleUsage.cpp.o
      calculateJPosForEachNoteImpact(float (*) [7], float (*) [6]) in ExampleUsage.cpp.o
  "PrVector::cross(PrVector const&) const", referenced from:
      inv_kin(PrVector3 const&, PrMatrix3 const&, int, PrVector&) in ExampleUsage.cpp.o
  "PrMatrix3::multiply(PrVector const&, PrVector&) const", referenced from:
      inv_kin(PrVector3 const&, PrMatrix3 const&, int, PrVector&) in ExampleUsage.cpp.o
  "vtable for PrVector", referenced from:
      calculateJPosForEachNoteImpact(float (*) [7], float (*) [6]) in ExampleUsage.cpp.o
  NOTE: a missing vtable usually means the first non-inline virtual member function has no definition.
  "vtable for PrMatrix3", referenced from:
      calculateJPosForEachNoteImpact(float (*) [7], float (*) [6]) in ExampleUsage.cpp.o
  NOTE: a missing vtable usually means the first non-inline virtual member function has no definition.
  "vtable for PrVector3", referenced from:
      inv_kin(PrVector3 const&, PrMatrix3 const&, int, PrVector&) in ExampleUsage.cpp.o
      calculateJPosForEachNoteImpact(float (*) [7], float (*) [6]) in ExampleUsage.cpp.o
  NOTE: a missing vtable usually means the first non-inline virtual member function has no definition.
ld: symbol(s) not found for architecture x86_64
clang: error: linker command failed with exit code 1 (use -v to see invocation)
make[2]: *** [simple_client_2013] Error 1
make[1]: *** [CMakeFiles/simple_client_2013.dir/all] Error 2
make: *** [all] Error 2