The system is: Darwin - 10.8.0 - i386
Compiling the C compiler identification source file "CMakeCCompilerId.c" succeeded.
Compiler: /usr/bin/cc 
Build flags: 
Id flags: 

The output was:
0


Compilation of the C compiler identification source "CMakeCCompilerId.c" produced "a.out"

The C compiler identification is GNU, found in "/Users/paulchen/Documents/workspace/puppyBot/puppybot_control/Robot/CMakeFiles/2.8.10.2/CompilerIdC/a.out"

Compiling the CXX compiler identification source file "CMakeCXXCompilerId.cpp" succeeded.
Compiler: /opt/local/bin/c++ 
Build flags: 
Id flags: 

The output was:
0


Compilation of the CXX compiler identification source "CMakeCXXCompilerId.cpp" produced "a.out"

The CXX compiler identification is GNU, found in "/Users/paulchen/Documents/workspace/puppyBot/puppybot_control/Robot/CMakeFiles/2.8.10.2/CompilerIdCXX/a.out"

Determining if the C compiler works passed with the following output:
Change Dir: /Users/paulchen/Documents/workspace/puppyBot/puppybot_control/Robot/CMakeFiles/CMakeTmp

Run Build Command:/usr/bin/make "cmTryCompileExec3962553456/fast"
/usr/bin/make -f CMakeFiles/cmTryCompileExec3962553456.dir/build.make CMakeFiles/cmTryCompileExec3962553456.dir/build
/opt/local/bin/cmake -E cmake_progress_report /Users/paulchen/Documents/workspace/puppyBot/puppybot_control/Robot/CMakeFiles/CMakeTmp/CMakeFiles 1
Building C object CMakeFiles/cmTryCompileExec3962553456.dir/testCCompiler.c.o
/usr/bin/cc    -o CMakeFiles/cmTryCompileExec3962553456.dir/testCCompiler.c.o   -c /Users/paulchen/Documents/workspace/puppyBot/puppybot_control/Robot/CMakeFiles/CMakeTmp/testCCompiler.c
Linking C executable cmTryCompileExec3962553456
/opt/local/bin/cmake -E cmake_link_script CMakeFiles/cmTryCompileExec3962553456.dir/link.txt --verbose=1
/usr/bin/cc      -Wl,-search_paths_first -Wl,-headerpad_max_install_names   CMakeFiles/cmTryCompileExec3962553456.dir/testCCompiler.c.o  -o cmTryCompileExec3962553456  


Detecting C compiler ABI info compiled with the following output:
Change Dir: /Users/paulchen/Documents/workspace/puppyBot/puppybot_control/Robot/CMakeFiles/CMakeTmp

Run Build Command:/usr/bin/make "cmTryCompileExec1397841208/fast"
/usr/bin/make -f CMakeFiles/cmTryCompileExec1397841208.dir/build.make CMakeFiles/cmTryCompileExec1397841208.dir/build
/opt/local/bin/cmake -E cmake_progress_report /Users/paulchen/Documents/workspace/puppyBot/puppybot_control/Robot/CMakeFiles/CMakeTmp/CMakeFiles 1
Building C object CMakeFiles/cmTryCompileExec1397841208.dir/CMakeCCompilerABI.c.o
/usr/bin/cc    -o CMakeFiles/cmTryCompileExec1397841208.dir/CMakeCCompilerABI.c.o   -c /opt/local/share/cmake-2.8/Modules/CMakeCCompilerABI.c
Linking C executable cmTryCompileExec1397841208
/opt/local/bin/cmake -E cmake_link_script CMakeFiles/cmTryCompileExec1397841208.dir/link.txt --verbose=1
/usr/bin/cc      -Wl,-search_paths_first -Wl,-headerpad_max_install_names -v CMakeFiles/cmTryCompileExec1397841208.dir/CMakeCCompilerABI.c.o  -o cmTryCompileExec1397841208   
Using built-in specs.
Target: i686-apple-darwin10
Configured with: /var/tmp/gcc/gcc-5646~6/src/configure --disable-checking --enable-werror --prefix=/usr --mandir=/share/man --enable-languages=c,objc,c++,obj-c++ --program-transform-name=/^[cg][^.-]*$/s/$/-4.2/ --with-slibdir=/usr/lib --build=i686-apple-darwin10 --with-gxx-include-dir=/include/c++/4.2.1 --program-prefix=i686-apple-darwin10- --host=x86_64-apple-darwin10 --target=i686-apple-darwin10
Thread model: posix
gcc version 4.2.1 (Apple Inc. build 5646)
 /usr/libexec/gcc/i686-apple-darwin10/4.2.1/collect2 -dynamic -arch x86_64 -macosx_version_min 10.6.8 -weak_reference_mismatches non-weak -o cmTryCompileExec1397841208 -lcrt1.10.6.o -L/usr/lib/gcc/i686-apple-darwin10/4.2.1/x86_64 -L/usr/lib/gcc/i686-apple-darwin10/4.2.1/x86_64 -L/usr/lib/i686-apple-darwin10/4.2.1 -L/usr/lib/gcc/i686-apple-darwin10/4.2.1 -L/usr/lib/gcc/i686-apple-darwin10/4.2.1 -L/usr/lib/gcc/i686-apple-darwin10/4.2.1/../../../i686-apple-darwin10/4.2.1 -L/usr/lib/gcc/i686-apple-darwin10/4.2.1/../../.. -search_paths_first -headerpad_max_install_names CMakeFiles/cmTryCompileExec1397841208.dir/CMakeCCompilerABI.c.o -lSystem -lgcc -lSystem


Parsed C implicit link information from above output:
  link line regex: [^( *|.*[/\])(ld|ld|collect2)[^/\]*( |$)]
  ignore line: [Change Dir: /Users/paulchen/Documents/workspace/puppyBot/puppybot_control/Robot/CMakeFiles/CMakeTmp]
  ignore line: []
  ignore line: [Run Build Command:/usr/bin/make "cmTryCompileExec1397841208/fast"]
  ignore line: [/usr/bin/make -f CMakeFiles/cmTryCompileExec1397841208.dir/build.make CMakeFiles/cmTryCompileExec1397841208.dir/build]
  ignore line: [/opt/local/bin/cmake -E cmake_progress_report /Users/paulchen/Documents/workspace/puppyBot/puppybot_control/Robot/CMakeFiles/CMakeTmp/CMakeFiles 1]
  ignore line: [Building C object CMakeFiles/cmTryCompileExec1397841208.dir/CMakeCCompilerABI.c.o]
  ignore line: [/usr/bin/cc    -o CMakeFiles/cmTryCompileExec1397841208.dir/CMakeCCompilerABI.c.o   -c /opt/local/share/cmake-2.8/Modules/CMakeCCompilerABI.c]
  ignore line: [Linking C executable cmTryCompileExec1397841208]
  ignore line: [/opt/local/bin/cmake -E cmake_link_script CMakeFiles/cmTryCompileExec1397841208.dir/link.txt --verbose=1]
  ignore line: [/usr/bin/cc      -Wl,-search_paths_first -Wl,-headerpad_max_install_names -v CMakeFiles/cmTryCompileExec1397841208.dir/CMakeCCompilerABI.c.o  -o cmTryCompileExec1397841208   ]
  ignore line: [Using built-in specs.]
  ignore line: [Target: i686-apple-darwin10]
  ignore line: [Configured with: /var/tmp/gcc/gcc-5646~6/src/configure --disable-checking --enable-werror --prefix=/usr --mandir=/share/man --enable-languages=c,objc,c++,obj-c++ --program-transform-name=/^[cg][^.-]*$/s/$/-4.2/ --with-slibdir=/usr/lib --build=i686-apple-darwin10 --with-gxx-include-dir=/include/c++/4.2.1 --program-prefix=i686-apple-darwin10- --host=x86_64-apple-darwin10 --target=i686-apple-darwin10]
  ignore line: [Thread model: posix]
  ignore line: [gcc version 4.2.1 (Apple Inc. build 5646)]
  link line: [ /usr/libexec/gcc/i686-apple-darwin10/4.2.1/collect2 -dynamic -arch x86_64 -macosx_version_min 10.6.8 -weak_reference_mismatches non-weak -o cmTryCompileExec1397841208 -lcrt1.10.6.o -L/usr/lib/gcc/i686-apple-darwin10/4.2.1/x86_64 -L/usr/lib/gcc/i686-apple-darwin10/4.2.1/x86_64 -L/usr/lib/i686-apple-darwin10/4.2.1 -L/usr/lib/gcc/i686-apple-darwin10/4.2.1 -L/usr/lib/gcc/i686-apple-darwin10/4.2.1 -L/usr/lib/gcc/i686-apple-darwin10/4.2.1/../../../i686-apple-darwin10/4.2.1 -L/usr/lib/gcc/i686-apple-darwin10/4.2.1/../../.. -search_paths_first -headerpad_max_install_names CMakeFiles/cmTryCompileExec1397841208.dir/CMakeCCompilerABI.c.o -lSystem -lgcc -lSystem]
    arg [/usr/libexec/gcc/i686-apple-darwin10/4.2.1/collect2] ==> ignore
    arg [-dynamic] ==> ignore
    arg [-arch] ==> ignore
    arg [x86_64] ==> ignore
    arg [-macosx_version_min] ==> ignore
    arg [10.6.8] ==> ignore
    arg [-weak_reference_mismatches] ==> ignore
    arg [non-weak] ==> ignore
    arg [-o] ==> ignore
    arg [cmTryCompileExec1397841208] ==> ignore
    arg [-lcrt1.10.6.o] ==> lib [crt1.10.6.o]
    arg [-L/usr/lib/gcc/i686-apple-darwin10/4.2.1/x86_64] ==> dir [/usr/lib/gcc/i686-apple-darwin10/4.2.1/x86_64]
    arg [-L/usr/lib/gcc/i686-apple-darwin10/4.2.1/x86_64] ==> dir [/usr/lib/gcc/i686-apple-darwin10/4.2.1/x86_64]
    arg [-L/usr/lib/i686-apple-darwin10/4.2.1] ==> dir [/usr/lib/i686-apple-darwin10/4.2.1]
    arg [-L/usr/lib/gcc/i686-apple-darwin10/4.2.1] ==> dir [/usr/lib/gcc/i686-apple-darwin10/4.2.1]
    arg [-L/usr/lib/gcc/i686-apple-darwin10/4.2.1] ==> dir [/usr/lib/gcc/i686-apple-darwin10/4.2.1]
    arg [-L/usr/lib/gcc/i686-apple-darwin10/4.2.1/../../../i686-apple-darwin10/4.2.1] ==> dir [/usr/lib/gcc/i686-apple-darwin10/4.2.1/../../../i686-apple-darwin10/4.2.1]
    arg [-L/usr/lib/gcc/i686-apple-darwin10/4.2.1/../../..] ==> dir [/usr/lib/gcc/i686-apple-darwin10/4.2.1/../../..]
    arg [-search_paths_first] ==> ignore
    arg [-headerpad_max_install_names] ==> ignore
    arg [CMakeFiles/cmTryCompileExec1397841208.dir/CMakeCCompilerABI.c.o] ==> ignore
    arg [-lSystem] ==> lib [System]
    arg [-lgcc] ==> lib [gcc]
    arg [-lSystem] ==> lib [System]
  remove lib [crt1.10.6.o]
  remove lib [System]
  remove lib [gcc]
  remove lib [System]
  collapse dir [/usr/lib/gcc/i686-apple-darwin10/4.2.1/x86_64] ==> [/usr/lib/gcc/i686-apple-darwin10/4.2.1/x86_64]
  collapse dir [/usr/lib/gcc/i686-apple-darwin10/4.2.1/x86_64] ==> [/usr/lib/gcc/i686-apple-darwin10/4.2.1/x86_64]
  collapse dir [/usr/lib/i686-apple-darwin10/4.2.1] ==> [/usr/lib/i686-apple-darwin10/4.2.1]
  collapse dir [/usr/lib/gcc/i686-apple-darwin10/4.2.1] ==> [/usr/lib/gcc/i686-apple-darwin10/4.2.1]
  collapse dir [/usr/lib/gcc/i686-apple-darwin10/4.2.1] ==> [/usr/lib/gcc/i686-apple-darwin10/4.2.1]
  collapse dir [/usr/lib/gcc/i686-apple-darwin10/4.2.1/../../../i686-apple-darwin10/4.2.1] ==> [/usr/lib/i686-apple-darwin10/4.2.1]
  collapse dir [/usr/lib/gcc/i686-apple-darwin10/4.2.1/../../..] ==> [/usr/lib]
  implicit libs: []
  implicit dirs: [/usr/lib/gcc/i686-apple-darwin10/4.2.1/x86_64;/usr/lib/i686-apple-darwin10/4.2.1;/usr/lib/gcc/i686-apple-darwin10/4.2.1;/usr/lib]


Determining if the CXX compiler works passed with the following output:
Change Dir: /Users/paulchen/Documents/workspace/puppyBot/puppybot_control/Robot/CMakeFiles/CMakeTmp

Run Build Command:/usr/bin/make "cmTryCompileExec2605965150/fast"
/usr/bin/make -f CMakeFiles/cmTryCompileExec2605965150.dir/build.make CMakeFiles/cmTryCompileExec2605965150.dir/build
/opt/local/bin/cmake -E cmake_progress_report /Users/paulchen/Documents/workspace/puppyBot/puppybot_control/Robot/CMakeFiles/CMakeTmp/CMakeFiles 1
Building CXX object CMakeFiles/cmTryCompileExec2605965150.dir/testCXXCompiler.cxx.o
/opt/local/bin/c++     -o CMakeFiles/cmTryCompileExec2605965150.dir/testCXXCompiler.cxx.o -c /Users/paulchen/Documents/workspace/puppyBot/puppybot_control/Robot/CMakeFiles/CMakeTmp/testCXXCompiler.cxx
Linking CXX executable cmTryCompileExec2605965150
/opt/local/bin/cmake -E cmake_link_script CMakeFiles/cmTryCompileExec2605965150.dir/link.txt --verbose=1
/opt/local/bin/c++       -Wl,-search_paths_first -Wl,-headerpad_max_install_names   CMakeFiles/cmTryCompileExec2605965150.dir/testCXXCompiler.cxx.o  -o cmTryCompileExec2605965150  


Detecting CXX compiler ABI info compiled with the following output:
Change Dir: /Users/paulchen/Documents/workspace/puppyBot/puppybot_control/Robot/CMakeFiles/CMakeTmp

Run Build Command:/usr/bin/make "cmTryCompileExec234771279/fast"
/usr/bin/make -f CMakeFiles/cmTryCompileExec234771279.dir/build.make CMakeFiles/cmTryCompileExec234771279.dir/build
/opt/local/bin/cmake -E cmake_progress_report /Users/paulchen/Documents/workspace/puppyBot/puppybot_control/Robot/CMakeFiles/CMakeTmp/CMakeFiles 1
Building CXX object CMakeFiles/cmTryCompileExec234771279.dir/CMakeCXXCompilerABI.cpp.o
/opt/local/bin/c++     -o CMakeFiles/cmTryCompileExec234771279.dir/CMakeCXXCompilerABI.cpp.o -c /opt/local/share/cmake-2.8/Modules/CMakeCXXCompilerABI.cpp
Linking CXX executable cmTryCompileExec234771279
/opt/local/bin/cmake -E cmake_link_script CMakeFiles/cmTryCompileExec234771279.dir/link.txt --verbose=1
/opt/local/bin/c++       -Wl,-search_paths_first -Wl,-headerpad_max_install_names -v CMakeFiles/cmTryCompileExec234771279.dir/CMakeCXXCompilerABI.cpp.o  -o cmTryCompileExec234771279   
Using built-in specs.
COLLECT_GCC=/opt/local/bin/c++
COLLECT_LTO_WRAPPER=/opt/local/libexec/gcc/x86_64-apple-darwin10/4.7.3/lto-wrapper
Target: x86_64-apple-darwin10
Configured with: ../gcc-4.7.3/configure --prefix=/opt/local --build=x86_64-apple-darwin10 --enable-languages=c,c++,objc,obj-c++,lto,fortran,java --libdir=/opt/local/lib/gcc47 --includedir=/opt/local/include/gcc47 --infodir=/opt/local/share/info --mandir=/opt/local/share/man --datarootdir=/opt/local/share/gcc-4.7 --with-libiconv-prefix=/opt/local --with-local-prefix=/opt/local --with-system-zlib --disable-nls --program-suffix=-mp-4.7 --with-gxx-include-dir=/opt/local/include/gcc47/c++/ --with-gmp=/opt/local --with-mpfr=/opt/local --with-mpc=/opt/local --with-ppl=/opt/local --with-cloog=/opt/local --enable-cloog-backend=isl --disable-cloog-version-check --enable-stage1-checking --enable-lto --enable-libstdcxx-time --with-as=/opt/local/bin/as --with-ld=/opt/local/bin/ld --with-ar=/opt/local/bin/ar --with-bugurl=https://trac.macports.org/newticket --disable-ppl-version-check --with-pkgversion='MacPorts gcc47 4.7.3_0+universal'
Thread model: posix
gcc version 4.7.3 (MacPorts gcc47 4.7.3_0+universal) 
COMPILER_PATH=/opt/local/libexec/gcc/x86_64-apple-darwin10/4.7.3/:/opt/local/libexec/gcc/x86_64-apple-darwin10/4.7.3/:/opt/local/libexec/gcc/x86_64-apple-darwin10/:/opt/local/lib/gcc47/gcc/x86_64-apple-darwin10/4.7.3/:/opt/local/lib/gcc47/gcc/x86_64-apple-darwin10/
LIBRARY_PATH=/opt/local/lib/gcc47/gcc/x86_64-apple-darwin10/4.7.3/:/opt/local/lib/gcc47/gcc/x86_64-apple-darwin10/4.7.3/../../../:/usr/lib/
COLLECT_GCC_OPTIONS='-mmacosx-version-min=10.6.8' '-v' '-o' 'cmTryCompileExec234771279' '-shared-libgcc' '-mtune=core2'
 /opt/local/libexec/gcc/x86_64-apple-darwin10/4.7.3/collect2 -dynamic -arch x86_64 -macosx_version_min 10.6.8 -weak_reference_mismatches non-weak -o cmTryCompileExec234771279 -lcrt1.10.6.o -L/opt/local/lib/gcc47/gcc/x86_64-apple-darwin10/4.7.3 -L/opt/local/lib/gcc47/gcc/x86_64-apple-darwin10/4.7.3/../../.. -search_paths_first -headerpad_max_install_names CMakeFiles/cmTryCompileExec234771279.dir/CMakeCXXCompilerABI.cpp.o -lstdc++ -no_compact_unwind -lSystem -lgcc_ext.10.5 -lgcc -lSystem -v
collect2 version 4.7.3
/opt/local/bin/ld -dynamic -arch x86_64 -macosx_version_min 10.6.8 -weak_reference_mismatches non-weak -o cmTryCompileExec234771279 -lcrt1.10.6.o -L/opt/local/lib/gcc47/gcc/x86_64-apple-darwin10/4.7.3 -L/opt/local/lib/gcc47/gcc/x86_64-apple-darwin10/4.7.3/../../.. -search_paths_first -headerpad_max_install_names CMakeFiles/cmTryCompileExec234771279.dir/CMakeCXXCompilerABI.cpp.o -lstdc++ -no_compact_unwind -lSystem -lgcc_ext.10.5 -lgcc -lSystem -v
@(#)PROGRAM:ld  PROJECT:ld64-127.2
Library search paths:
	/opt/local/lib/gcc47/gcc/x86_64-apple-darwin10/4.7.3
	/opt/local/lib/gcc47
	/usr/lib
	/usr/local/lib
Framework search paths:
	/Library/Frameworks/
	/System/Library/Frameworks/


Parsed CXX implicit link information from above output:
  link line regex: [^( *|.*[/\])(ld|ld|collect2)[^/\]*( |$)]
  ignore line: [Change Dir: /Users/paulchen/Documents/workspace/puppyBot/puppybot_control/Robot/CMakeFiles/CMakeTmp]
  ignore line: []
  ignore line: [Run Build Command:/usr/bin/make "cmTryCompileExec234771279/fast"]
  ignore line: [/usr/bin/make -f CMakeFiles/cmTryCompileExec234771279.dir/build.make CMakeFiles/cmTryCompileExec234771279.dir/build]
  ignore line: [/opt/local/bin/cmake -E cmake_progress_report /Users/paulchen/Documents/workspace/puppyBot/puppybot_control/Robot/CMakeFiles/CMakeTmp/CMakeFiles 1]
  ignore line: [Building CXX object CMakeFiles/cmTryCompileExec234771279.dir/CMakeCXXCompilerABI.cpp.o]
  ignore line: [/opt/local/bin/c++     -o CMakeFiles/cmTryCompileExec234771279.dir/CMakeCXXCompilerABI.cpp.o -c /opt/local/share/cmake-2.8/Modules/CMakeCXXCompilerABI.cpp]
  ignore line: [Linking CXX executable cmTryCompileExec234771279]
  ignore line: [/opt/local/bin/cmake -E cmake_link_script CMakeFiles/cmTryCompileExec234771279.dir/link.txt --verbose=1]
  ignore line: [/opt/local/bin/c++       -Wl,-search_paths_first -Wl,-headerpad_max_install_names -v CMakeFiles/cmTryCompileExec234771279.dir/CMakeCXXCompilerABI.cpp.o  -o cmTryCompileExec234771279   ]
  ignore line: [Using built-in specs.]
  ignore line: [COLLECT_GCC=/opt/local/bin/c++]
  ignore line: [COLLECT_LTO_WRAPPER=/opt/local/libexec/gcc/x86_64-apple-darwin10/4.7.3/lto-wrapper]
  ignore line: [Target: x86_64-apple-darwin10]
  ignore line: [Configured with: ../gcc-4.7.3/configure --prefix=/opt/local --build=x86_64-apple-darwin10 --enable-languages=c,c++,objc,obj-c++,lto,fortran,java --libdir=/opt/local/lib/gcc47 --includedir=/opt/local/include/gcc47 --infodir=/opt/local/share/info --mandir=/opt/local/share/man --datarootdir=/opt/local/share/gcc-4.7 --with-libiconv-prefix=/opt/local --with-local-prefix=/opt/local --with-system-zlib --disable-nls --program-suffix=-mp-4.7 --with-gxx-include-dir=/opt/local/include/gcc47/c++/ --with-gmp=/opt/local --with-mpfr=/opt/local --with-mpc=/opt/local --with-ppl=/opt/local --with-cloog=/opt/local --enable-cloog-backend=isl --disable-cloog-version-check --enable-stage1-checking --enable-lto --enable-libstdcxx-time --with-as=/opt/local/bin/as --with-ld=/opt/local/bin/ld --with-ar=/opt/local/bin/ar --with-bugurl=https://trac.macports.org/newticket --disable-ppl-version-check --with-pkgversion='MacPorts gcc47 4.7.3_0+universal']
  ignore line: [Thread model: posix]
  ignore line: [gcc version 4.7.3 (MacPorts gcc47 4.7.3_0+universal) ]
  ignore line: [COMPILER_PATH=/opt/local/libexec/gcc/x86_64-apple-darwin10/4.7.3/:/opt/local/libexec/gcc/x86_64-apple-darwin10/4.7.3/:/opt/local/libexec/gcc/x86_64-apple-darwin10/:/opt/local/lib/gcc47/gcc/x86_64-apple-darwin10/4.7.3/:/opt/local/lib/gcc47/gcc/x86_64-apple-darwin10/]
  ignore line: [LIBRARY_PATH=/opt/local/lib/gcc47/gcc/x86_64-apple-darwin10/4.7.3/:/opt/local/lib/gcc47/gcc/x86_64-apple-darwin10/4.7.3/../../../:/usr/lib/]
  ignore line: [COLLECT_GCC_OPTIONS='-mmacosx-version-min=10.6.8' '-v' '-o' 'cmTryCompileExec234771279' '-shared-libgcc' '-mtune=core2']
  link line: [ /opt/local/libexec/gcc/x86_64-apple-darwin10/4.7.3/collect2 -dynamic -arch x86_64 -macosx_version_min 10.6.8 -weak_reference_mismatches non-weak -o cmTryCompileExec234771279 -lcrt1.10.6.o -L/opt/local/lib/gcc47/gcc/x86_64-apple-darwin10/4.7.3 -L/opt/local/lib/gcc47/gcc/x86_64-apple-darwin10/4.7.3/../../.. -search_paths_first -headerpad_max_install_names CMakeFiles/cmTryCompileExec234771279.dir/CMakeCXXCompilerABI.cpp.o -lstdc++ -no_compact_unwind -lSystem -lgcc_ext.10.5 -lgcc -lSystem -v]
    arg [/opt/local/libexec/gcc/x86_64-apple-darwin10/4.7.3/collect2] ==> ignore
    arg [-dynamic] ==> ignore
    arg [-arch] ==> ignore
    arg [x86_64] ==> ignore
    arg [-macosx_version_min] ==> ignore
    arg [10.6.8] ==> ignore
    arg [-weak_reference_mismatches] ==> ignore
    arg [non-weak] ==> ignore
    arg [-o] ==> ignore
    arg [cmTryCompileExec234771279] ==> ignore
    arg [-lcrt1.10.6.o] ==> lib [crt1.10.6.o]
    arg [-L/opt/local/lib/gcc47/gcc/x86_64-apple-darwin10/4.7.3] ==> dir [/opt/local/lib/gcc47/gcc/x86_64-apple-darwin10/4.7.3]
    arg [-L/opt/local/lib/gcc47/gcc/x86_64-apple-darwin10/4.7.3/../../..] ==> dir [/opt/local/lib/gcc47/gcc/x86_64-apple-darwin10/4.7.3/../../..]
    arg [-search_paths_first] ==> ignore
    arg [-headerpad_max_install_names] ==> ignore
    arg [CMakeFiles/cmTryCompileExec234771279.dir/CMakeCXXCompilerABI.cpp.o] ==> ignore
    arg [-lstdc++] ==> lib [stdc++]
    arg [-no_compact_unwind] ==> ignore
    arg [-lSystem] ==> lib [System]
    arg [-lgcc_ext.10.5] ==> lib [gcc_ext.10.5]
    arg [-lgcc] ==> lib [gcc]
    arg [-lSystem] ==> lib [System]
    arg [-v] ==> ignore
  remove lib [crt1.10.6.o]
  remove lib [System]
  remove lib [gcc_ext.10.5]
  remove lib [gcc]
  remove lib [System]
  collapse dir [/opt/local/lib/gcc47/gcc/x86_64-apple-darwin10/4.7.3] ==> [/opt/local/lib/gcc47/gcc/x86_64-apple-darwin10/4.7.3]
  collapse dir [/opt/local/lib/gcc47/gcc/x86_64-apple-darwin10/4.7.3/../../..] ==> [/opt/local/lib/gcc47]
  implicit libs: [stdc++]
  implicit dirs: [/opt/local/lib/gcc47/gcc/x86_64-apple-darwin10/4.7.3;/opt/local/lib/gcc47]


