The system is: Darwin - 11.4.2 - i386
Compiling the C compiler identification source file "CMakeCCompilerId.c" succeeded.
Compiler: /usr/bin/cc 
Build flags: 
Id flags: 

The output was:
0


Compilation of the C compiler identification source "CMakeCCompilerId.c" produced "a.out"

The C compiler identification is Clang, found in "/Users/Vaibhav/Documents/Study/2013bSpring/CS225A/Project/Vision/PuppyBot/simple_client_2013/include/CMakeFiles/2.8.10.2/CompilerIdC/a.out"

Compiling the CXX compiler identification source file "CMakeCXXCompilerId.cpp" succeeded.
Compiler: /usr/bin/c++ 
Build flags: 
Id flags: 

The output was:
0


Compilation of the CXX compiler identification source "CMakeCXXCompilerId.cpp" produced "a.out"

The CXX compiler identification is Clang, found in "/Users/Vaibhav/Documents/Study/2013bSpring/CS225A/Project/Vision/PuppyBot/simple_client_2013/include/CMakeFiles/2.8.10.2/CompilerIdCXX/a.out"

Determining if the C compiler works passed with the following output:
Change Dir: /Users/Vaibhav/Documents/Study/2013bSpring/CS225A/Project/Vision/PuppyBot/simple_client_2013/include/CMakeFiles/CMakeTmp

Run Build Command:/usr/bin/make "cmTryCompileExec794297214/fast"
/usr/bin/make -f CMakeFiles/cmTryCompileExec794297214.dir/build.make CMakeFiles/cmTryCompileExec794297214.dir/build
/opt/local/bin/cmake -E cmake_progress_report /Users/Vaibhav/Documents/Study/2013bSpring/CS225A/Project/Vision/PuppyBot/simple_client_2013/include/CMakeFiles/CMakeTmp/CMakeFiles 1
Building C object CMakeFiles/cmTryCompileExec794297214.dir/testCCompiler.c.o
/usr/bin/cc    -o CMakeFiles/cmTryCompileExec794297214.dir/testCCompiler.c.o   -c /Users/Vaibhav/Documents/Study/2013bSpring/CS225A/Project/Vision/PuppyBot/simple_client_2013/include/CMakeFiles/CMakeTmp/testCCompiler.c
Linking C executable cmTryCompileExec794297214
/opt/local/bin/cmake -E cmake_link_script CMakeFiles/cmTryCompileExec794297214.dir/link.txt --verbose=1
/usr/bin/cc      -Wl,-search_paths_first -Wl,-headerpad_max_install_names   CMakeFiles/cmTryCompileExec794297214.dir/testCCompiler.c.o  -o cmTryCompileExec794297214  


Detecting C compiler ABI info compiled with the following output:
Change Dir: /Users/Vaibhav/Documents/Study/2013bSpring/CS225A/Project/Vision/PuppyBot/simple_client_2013/include/CMakeFiles/CMakeTmp

Run Build Command:/usr/bin/make "cmTryCompileExec3803645600/fast"
/usr/bin/make -f CMakeFiles/cmTryCompileExec3803645600.dir/build.make CMakeFiles/cmTryCompileExec3803645600.dir/build
/opt/local/bin/cmake -E cmake_progress_report /Users/Vaibhav/Documents/Study/2013bSpring/CS225A/Project/Vision/PuppyBot/simple_client_2013/include/CMakeFiles/CMakeTmp/CMakeFiles 1
Building C object CMakeFiles/cmTryCompileExec3803645600.dir/CMakeCCompilerABI.c.o
/usr/bin/cc    -o CMakeFiles/cmTryCompileExec3803645600.dir/CMakeCCompilerABI.c.o   -c /opt/local/share/cmake-2.8/Modules/CMakeCCompilerABI.c
Linking C executable cmTryCompileExec3803645600
/opt/local/bin/cmake -E cmake_link_script CMakeFiles/cmTryCompileExec3803645600.dir/link.txt --verbose=1
/usr/bin/cc      -Wl,-search_paths_first -Wl,-headerpad_max_install_names -v CMakeFiles/cmTryCompileExec3803645600.dir/CMakeCCompilerABI.c.o  -o cmTryCompileExec3803645600   
Apple LLVM version 4.2 (clang-425.0.28) (based on LLVM 3.2svn)
Target: x86_64-apple-darwin11.4.2
Thread model: posix
 "/usr/bin/ld" -demangle -dynamic -arch x86_64 -macosx_version_min 10.7.0 -o cmTryCompileExec3803645600 -lcrt1.10.6.o -search_paths_first -headerpad_max_install_names CMakeFiles/cmTryCompileExec3803645600.dir/CMakeCCompilerABI.c.o -lSystem /usr/bin/../lib/clang/4.2/lib/darwin/libclang_rt.osx.a


Parsed C implicit link information from above output:
  link line regex: [^( *|.*[/\])(ld|ld|collect2)[^/\]*( |$)]
  ignore line: [Change Dir: /Users/Vaibhav/Documents/Study/2013bSpring/CS225A/Project/Vision/PuppyBot/simple_client_2013/include/CMakeFiles/CMakeTmp]
  ignore line: []
  ignore line: [Run Build Command:/usr/bin/make "cmTryCompileExec3803645600/fast"]
  ignore line: [/usr/bin/make -f CMakeFiles/cmTryCompileExec3803645600.dir/build.make CMakeFiles/cmTryCompileExec3803645600.dir/build]
  ignore line: [/opt/local/bin/cmake -E cmake_progress_report /Users/Vaibhav/Documents/Study/2013bSpring/CS225A/Project/Vision/PuppyBot/simple_client_2013/include/CMakeFiles/CMakeTmp/CMakeFiles 1]
  ignore line: [Building C object CMakeFiles/cmTryCompileExec3803645600.dir/CMakeCCompilerABI.c.o]
  ignore line: [/usr/bin/cc    -o CMakeFiles/cmTryCompileExec3803645600.dir/CMakeCCompilerABI.c.o   -c /opt/local/share/cmake-2.8/Modules/CMakeCCompilerABI.c]
  ignore line: [Linking C executable cmTryCompileExec3803645600]
  ignore line: [/opt/local/bin/cmake -E cmake_link_script CMakeFiles/cmTryCompileExec3803645600.dir/link.txt --verbose=1]
  ignore line: [/usr/bin/cc      -Wl,-search_paths_first -Wl,-headerpad_max_install_names -v CMakeFiles/cmTryCompileExec3803645600.dir/CMakeCCompilerABI.c.o  -o cmTryCompileExec3803645600   ]
  ignore line: [Apple LLVM version 4.2 (clang-425.0.28) (based on LLVM 3.2svn)]
  ignore line: [Target: x86_64-apple-darwin11.4.2]
  ignore line: [Thread model: posix]
  link line: [ "/usr/bin/ld" -demangle -dynamic -arch x86_64 -macosx_version_min 10.7.0 -o cmTryCompileExec3803645600 -lcrt1.10.6.o -search_paths_first -headerpad_max_install_names CMakeFiles/cmTryCompileExec3803645600.dir/CMakeCCompilerABI.c.o -lSystem /usr/bin/../lib/clang/4.2/lib/darwin/libclang_rt.osx.a]
    arg [/usr/bin/ld] ==> ignore
    arg [-demangle] ==> ignore
    arg [-dynamic] ==> ignore
    arg [-arch] ==> ignore
    arg [x86_64] ==> ignore
    arg [-macosx_version_min] ==> ignore
    arg [10.7.0] ==> ignore
    arg [-o] ==> ignore
    arg [cmTryCompileExec3803645600] ==> ignore
    arg [-lcrt1.10.6.o] ==> lib [crt1.10.6.o]
    arg [-search_paths_first] ==> ignore
    arg [-headerpad_max_install_names] ==> ignore
    arg [CMakeFiles/cmTryCompileExec3803645600.dir/CMakeCCompilerABI.c.o] ==> ignore
    arg [-lSystem] ==> lib [System]
    arg [/usr/bin/../lib/clang/4.2/lib/darwin/libclang_rt.osx.a] ==> lib [/usr/bin/../lib/clang/4.2/lib/darwin/libclang_rt.osx.a]
  remove lib [crt1.10.6.o]
  remove lib [System]
  implicit libs: [/usr/bin/../lib/clang/4.2/lib/darwin/libclang_rt.osx.a]
  implicit dirs: []


Determining if the CXX compiler works passed with the following output:
Change Dir: /Users/Vaibhav/Documents/Study/2013bSpring/CS225A/Project/Vision/PuppyBot/simple_client_2013/include/CMakeFiles/CMakeTmp

Run Build Command:/usr/bin/make "cmTryCompileExec3926852293/fast"
/usr/bin/make -f CMakeFiles/cmTryCompileExec3926852293.dir/build.make CMakeFiles/cmTryCompileExec3926852293.dir/build
/opt/local/bin/cmake -E cmake_progress_report /Users/Vaibhav/Documents/Study/2013bSpring/CS225A/Project/Vision/PuppyBot/simple_client_2013/include/CMakeFiles/CMakeTmp/CMakeFiles 1
Building CXX object CMakeFiles/cmTryCompileExec3926852293.dir/testCXXCompiler.cxx.o
/usr/bin/c++     -o CMakeFiles/cmTryCompileExec3926852293.dir/testCXXCompiler.cxx.o -c /Users/Vaibhav/Documents/Study/2013bSpring/CS225A/Project/Vision/PuppyBot/simple_client_2013/include/CMakeFiles/CMakeTmp/testCXXCompiler.cxx
Linking CXX executable cmTryCompileExec3926852293
/opt/local/bin/cmake -E cmake_link_script CMakeFiles/cmTryCompileExec3926852293.dir/link.txt --verbose=1
/usr/bin/c++       -Wl,-search_paths_first -Wl,-headerpad_max_install_names   CMakeFiles/cmTryCompileExec3926852293.dir/testCXXCompiler.cxx.o  -o cmTryCompileExec3926852293  


Detecting CXX compiler ABI info compiled with the following output:
Change Dir: /Users/Vaibhav/Documents/Study/2013bSpring/CS225A/Project/Vision/PuppyBot/simple_client_2013/include/CMakeFiles/CMakeTmp

Run Build Command:/usr/bin/make "cmTryCompileExec1592481584/fast"
/usr/bin/make -f CMakeFiles/cmTryCompileExec1592481584.dir/build.make CMakeFiles/cmTryCompileExec1592481584.dir/build
/opt/local/bin/cmake -E cmake_progress_report /Users/Vaibhav/Documents/Study/2013bSpring/CS225A/Project/Vision/PuppyBot/simple_client_2013/include/CMakeFiles/CMakeTmp/CMakeFiles 1
Building CXX object CMakeFiles/cmTryCompileExec1592481584.dir/CMakeCXXCompilerABI.cpp.o
/usr/bin/c++     -o CMakeFiles/cmTryCompileExec1592481584.dir/CMakeCXXCompilerABI.cpp.o -c /opt/local/share/cmake-2.8/Modules/CMakeCXXCompilerABI.cpp
Linking CXX executable cmTryCompileExec1592481584
/opt/local/bin/cmake -E cmake_link_script CMakeFiles/cmTryCompileExec1592481584.dir/link.txt --verbose=1
/usr/bin/c++       -Wl,-search_paths_first -Wl,-headerpad_max_install_names -v CMakeFiles/cmTryCompileExec1592481584.dir/CMakeCXXCompilerABI.cpp.o  -o cmTryCompileExec1592481584   
Apple LLVM version 4.2 (clang-425.0.28) (based on LLVM 3.2svn)
Target: x86_64-apple-darwin11.4.2
Thread model: posix
 "/usr/bin/ld" -demangle -dynamic -arch x86_64 -macosx_version_min 10.7.0 -o cmTryCompileExec1592481584 -lcrt1.10.6.o -search_paths_first -headerpad_max_install_names CMakeFiles/cmTryCompileExec1592481584.dir/CMakeCXXCompilerABI.cpp.o -lstdc++ -lSystem /usr/bin/../lib/clang/4.2/lib/darwin/libclang_rt.osx.a


Parsed CXX implicit link information from above output:
  link line regex: [^( *|.*[/\])(ld|ld|collect2)[^/\]*( |$)]
  ignore line: [Change Dir: /Users/Vaibhav/Documents/Study/2013bSpring/CS225A/Project/Vision/PuppyBot/simple_client_2013/include/CMakeFiles/CMakeTmp]
  ignore line: []
  ignore line: [Run Build Command:/usr/bin/make "cmTryCompileExec1592481584/fast"]
  ignore line: [/usr/bin/make -f CMakeFiles/cmTryCompileExec1592481584.dir/build.make CMakeFiles/cmTryCompileExec1592481584.dir/build]
  ignore line: [/opt/local/bin/cmake -E cmake_progress_report /Users/Vaibhav/Documents/Study/2013bSpring/CS225A/Project/Vision/PuppyBot/simple_client_2013/include/CMakeFiles/CMakeTmp/CMakeFiles 1]
  ignore line: [Building CXX object CMakeFiles/cmTryCompileExec1592481584.dir/CMakeCXXCompilerABI.cpp.o]
  ignore line: [/usr/bin/c++     -o CMakeFiles/cmTryCompileExec1592481584.dir/CMakeCXXCompilerABI.cpp.o -c /opt/local/share/cmake-2.8/Modules/CMakeCXXCompilerABI.cpp]
  ignore line: [Linking CXX executable cmTryCompileExec1592481584]
  ignore line: [/opt/local/bin/cmake -E cmake_link_script CMakeFiles/cmTryCompileExec1592481584.dir/link.txt --verbose=1]
  ignore line: [/usr/bin/c++       -Wl,-search_paths_first -Wl,-headerpad_max_install_names -v CMakeFiles/cmTryCompileExec1592481584.dir/CMakeCXXCompilerABI.cpp.o  -o cmTryCompileExec1592481584   ]
  ignore line: [Apple LLVM version 4.2 (clang-425.0.28) (based on LLVM 3.2svn)]
  ignore line: [Target: x86_64-apple-darwin11.4.2]
  ignore line: [Thread model: posix]
  link line: [ "/usr/bin/ld" -demangle -dynamic -arch x86_64 -macosx_version_min 10.7.0 -o cmTryCompileExec1592481584 -lcrt1.10.6.o -search_paths_first -headerpad_max_install_names CMakeFiles/cmTryCompileExec1592481584.dir/CMakeCXXCompilerABI.cpp.o -lstdc++ -lSystem /usr/bin/../lib/clang/4.2/lib/darwin/libclang_rt.osx.a]
    arg [/usr/bin/ld] ==> ignore
    arg [-demangle] ==> ignore
    arg [-dynamic] ==> ignore
    arg [-arch] ==> ignore
    arg [x86_64] ==> ignore
    arg [-macosx_version_min] ==> ignore
    arg [10.7.0] ==> ignore
    arg [-o] ==> ignore
    arg [cmTryCompileExec1592481584] ==> ignore
    arg [-lcrt1.10.6.o] ==> lib [crt1.10.6.o]
    arg [-search_paths_first] ==> ignore
    arg [-headerpad_max_install_names] ==> ignore
    arg [CMakeFiles/cmTryCompileExec1592481584.dir/CMakeCXXCompilerABI.cpp.o] ==> ignore
    arg [-lstdc++] ==> lib [stdc++]
    arg [-lSystem] ==> lib [System]
    arg [/usr/bin/../lib/clang/4.2/lib/darwin/libclang_rt.osx.a] ==> lib [/usr/bin/../lib/clang/4.2/lib/darwin/libclang_rt.osx.a]
  remove lib [crt1.10.6.o]
  remove lib [System]
  implicit libs: [stdc++;/usr/bin/../lib/clang/4.2/lib/darwin/libclang_rt.osx.a]
  implicit dirs: []


